java.io.FileNotFoundException: config.json (The system cannot find the file specified)
	at java.base/java.io.FileInputStream.open0(Native Method)
	at java.base/java.io.FileInputStream.open(Unknown Source)
	at java.base/java.io.FileInputStream.<init>(Unknown Source)
	at java.base/java.io.FileInputStream.<init>(Unknown Source)
	at java.base/java.io.FileReader.<init>(Unknown Source)
	at com.eu.metz.musicModMaker.InfoFromFiles.getJson(InfoFromFiles.java:45)
	at com.eu.metz.musicModMaker.MainController.initialize(MainController.java:109)
	at java.base/jdk.internal.reflect.NativeMethodAccessorImpl.invoke0(Native Method)
	at java.base/jdk.internal.reflect.NativeMethodAccessorImpl.invoke(Unknown Source)
	at java.base/jdk.internal.reflect.DelegatingMethodAccessorImpl.invoke(Unknown Source)
	at java.base/java.lang.reflect.Method.invoke(Unknown Source)
	at com.sun.javafx.reflect.Trampoline.invoke(Unknown Source)
	at jdk.internal.reflect.GeneratedMethodAccessor2.invoke(Unknown Source)
	at java.base/jdk.internal.reflect.DelegatingMethodAccessorImpl.invoke(Unknown Source)
	at java.base/java.lang.reflect.Method.invoke(Unknown Source)
	at javafx.base/com.sun.javafx.reflect.MethodUtil.invoke(Unknown Source)
	at javafx.fxml/com.sun.javafx.fxml.MethodHelper.invoke(Unknown Source)
	at javafx.fxml/javafx.fxml.FXMLLoader.loadImpl(Unknown Source)
	at javafx.fxml/javafx.fxml.FXMLLoader.loadImpl(Unknown Source)
	at javafx.fxml/javafx.fxml.FXMLLoader.loadImpl(Unknown Source)
	at javafx.fxml/javafx.fxml.FXMLLoader.loadImpl(Unknown Source)
	at javafx.fxml/javafx.fxml.FXMLLoader.loadImpl(Unknown Source)
	at javafx.fxml/javafx.fxml.FXMLLoader.loadImpl(Unknown Source)
	at javafx.fxml/javafx.fxml.FXMLLoader.loadImpl(Unknown Source)
	at javafx.fxml/javafx.fxml.FXMLLoader.load(Unknown Source)
	at com.eu.metz.musicModMaker.GUI.start(GUI.java:15)
	at javafx.graphics/com.sun.javafx.application.LauncherImpl.lambda$launchApplication1$9(Unknown Source)
	at javafx.graphics/com.sun.javafx.application.PlatformImpl.lambda$runAndWait$11(Unknown Source)
	at javafx.graphics/com.sun.javafx.application.PlatformImpl.lambda$runLater$9(Unknown Source)
	at java.base/java.security.AccessController.doPrivileged(Native Method)
	at javafx.graphics/com.sun.javafx.application.PlatformImpl.lambda$runLater$10(Unknown Source)
	at javafx.graphics/com.sun.glass.ui.InvokeLaterDispatcher$Future.run(Unknown Source)
	at javafx.graphics/com.sun.glass.ui.win.WinApplication._runLoop(Native Method)
	at javafx.graphics/com.sun.glass.ui.win.WinApplication.lambda$runLoop$3(Unknown Source)
	at java.base/java.lang.Thread.run(Unknown Source)
